2026-03-26 11:24:36,057 - __main__ - INFO - Starting bot...
2026-03-26 11:24:36,889 - httpx - INFO - HTTP Request: POST https://api.telegram.org/bot8730193297:AAGLlt4knQOzQA1UXQ4zTkr1wi8xUqshL-w/getMe "HTTP/1.1 200 OK"
2026-03-26 11:24:36,890 - __main__ - INFO - Bot initialized. Storage: food_diary.db
2026-03-26 11:24:37,122 - httpx - INFO - HTTP Request: POST https://api.telegram.org/bot8730193297:AAGLlt4knQOzQA1UXQ4zTkr1wi8xUqshL-w/deleteWebhook "HTTP/1.1 200 OK"
2026-03-26 11:24:37,123 - telegram.ext.Application - INFO - Application started
2026-03-26 11:24:47,975 - httpx - INFO - HTTP Request: POST https://api.telegram.org/bot8730193297:AAGLlt4knQOzQA1UXQ4zTkr1wi8xUqshL-w/getUpdates "HTTP/1.1 200 OK"
2026-03-26 11:24:58,211 - httpx - INFO - HTTP Request: POST https://api.telegram.org/bot8730193297:AAGLlt4knQOzQA1UXQ4zTkr1wi8xUqshL-w/getUpdates "HTTP/1.1 200 OK"
2026-03-26 11:25:08,438 - httpx - INFO - HTTP Request: POST https://api.telegram.org/bot8730193297:AAGLlt4knQOzQA1UXQ4zTkr1wi8xUqshL-w/getUpdates "HTTP/1.1 200 OK"
2026-03-26 11:25:18,695 - httpx - INFO - HTTP Request: POST https://api.telegram.org/bot8730193297:AAGLlt4knQOzQA1UXQ4zTkr1wi8xUqshL-w/getUpdates "HTTP/1.1 200 OK"
2026-03-26 11:25:29,038 - httpx - INFO - HTTP Request: POST https://api.telegram.org/bot8730193297:AAGLlt4knQOzQA1UXQ4zTkr1wi8xUqshL-w/getUpdates "HTTP/1.1 200 OK"
2026-03-26 11:25:37,647 - httpx - INFO - HTTP Request: POST https://api.telegram.org/bot8730193297:AAGLlt4knQOzQA1UXQ4zTkr1wi8xUqshL-w/getUpdates "HTTP/1.1 200 OK"
2026-03-26 11:25:38,534 - httpx - INFO - HTTP Request: POST https://api.telegram.org/bot8730193297:AAGLlt4knQOzQA1UXQ4zTkr1wi8xUqshL-w/sendMessage "HTTP/1.1 200 OK"
2026-03-26 11:25:47,982 - httpx - INFO - HTTP Request: POST https://api.telegram.org/bot8730193297:AAGLlt4knQOzQA1UXQ4zTkr1wi8xUqshL-w/getUpdates "HTTP/1.1 200 OK"
2026-03-26 11:25:58,212 - httpx - INFO - HTTP Request: POST https://api.telegram.org/bot8730193297:AAGLlt4knQOzQA1UXQ4zTkr1wi8xUqshL-w/getUpdates "HTTP/1.1 200 OK"
2026-03-26 11:26:08,443 - httpx - INFO - HTTP Request: POST https://api.telegram.org/bot8730193297:AAGLlt4knQOzQA1UXQ4zTkr1wi8xUqshL-w/getUpdates "HTTP/1.1 200 OK"
2026-03-26 11:26:18,675 - httpx - INFO - HTTP Request: POST https://api.telegram.org/bot8730193297:AAGLlt4knQOzQA1UXQ4zTkr1wi8xUqshL-w/getUpdates "HTTP/1.1 200 OK"
2026-03-26 11:26:27,407 - httpx - INFO - HTTP Request: POST https://api.telegram.org/bot8730193297:AAGLlt4knQOzQA1UXQ4zTkr1wi8xUqshL-w/getUpdates "HTTP/1.1 200 OK"
2026-03-26 11:26:28,313 - httpx - INFO - HTTP Request: POST https://api.telegram.org/bot8730193297:AAGLlt4knQOzQA1UXQ4zTkr1wi8xUqshL-w/sendMessage "HTTP/1.1 200 OK"
2026-03-26 11:26:37,721 - httpx - INFO - HTTP Request: POST https://api.telegram.org/bot8730193297:AAGLlt4knQOzQA1UXQ4zTkr1wi8xUqshL-w/getUpdates "HTTP/1.1 200 OK"
2026-03-26 11:26:47,951 - httpx - INFO - HTTP Request: POST https://api.telegram.org/bot8730193297:AAGLlt4knQOzQA1UXQ4zTkr1wi8xUqshL-w/getUpdates "HTTP/1.1 200 OK"
2026-03-26 11:26:58,178 - httpx - INFO - HTTP Request: POST https://api.telegram.org/bot8730193297:AAGLlt4knQOzQA1UXQ4zTkr1wi8xUqshL-w/getUpdates "HTTP/1.1 200 OK"
2026-03-26 11:27:08,405 - httpx - INFO - HTTP Request: POST https://api.telegram.org/bot8730193297:AAGLlt4knQOzQA1UXQ4zTkr1wi8xUqshL-w/getUpdates "HTTP/1.1 200 OK"
2026-03-26 11:27:18,713 - httpx - INFO - HTTP Request: POST https://api.telegram.org/bot8730193297:AAGLlt4knQOzQA1UXQ4zTkr1wi8xUqshL-w/getUpdates "HTTP/1.1 200 OK"
2026-03-26 11:27:29,046 - httpx - INFO - HTTP Request: POST https://api.telegram.org/bot8730193297:AAGLlt4knQOzQA1UXQ4zTkr1wi8xUqshL-w/getUpdates "HTTP/1.1 200 OK"
2026-03-26 11:27:37,708 - httpx - INFO - HTTP Request: POST https://api.telegram.org/bot8730193297:AAGLlt4knQOzQA1UXQ4zTkr1wi8xUqshL-w/getUpdates "HTTP/1.1 200 OK"
2026-03-26 11:27:38,600 - httpx - INFO - HTTP Request: POST https://api.telegram.org/bot8730193297:AAGLlt4knQOzQA1UXQ4zTkr1wi8xUqshL-w/sendMessage "HTTP/1.1 200 OK"
2026-03-26 11:27:47,963 - httpx - INFO - HTTP Request: POST https://api.telegram.org/bot8730193297:AAGLlt4knQOzQA1UXQ4zTkr1wi8xUqshL-w/getUpdates "HTTP/1.1 200 OK"
2026-03-26 11:27:58,209 - httpx - INFO - HTTP Request: POST https://api.telegram.org/bot8730193297:AAGLlt4knQOzQA1UXQ4zTkr1wi8xUqshL-w/getUpdates "HTTP/1.1 200 OK"
2026-03-26 11:28:08,479 - httpx - INFO - HTTP Request: POST https://api.telegram.org/bot8730193297:AAGLlt4knQOzQA1UXQ4zTkr1wi8xUqshL-w/getUpdates "HTTP/1.1 200 OK"
2026-03-26 11:28:18,813 - httpx - INFO - HTTP Request: POST https://api.telegram.org/bot8730193297:AAGLlt4knQOzQA1UXQ4zTkr1wi8xUqshL-w/getUpdates "HTTP/1.1 200 OK"
2026-03-26 11:28:29,047 - httpx - INFO - HTTP Request: POST https://api.telegram.org/bot8730193297:AAGLlt4knQOzQA1UXQ4zTkr1wi8xUqshL-w/getUpdates "HTTP/1.1 200 OK"
2026-03-26 11:28:39,278 - httpx - INFO - HTTP Request: POST https://api.telegram.org/bot8730193297:AAGLlt4knQOzQA1UXQ4zTkr1wi8xUqshL-w/getUpdates "HTTP/1.1 200 OK"
2026-03-26 11:28:47,541 - httpx - INFO - HTTP Request: POST https://api.telegram.org/bot8730193297:AAGLlt4knQOzQA1UXQ4zTkr1wi8xUqshL-w/getUpdates "HTTP/1.1 200 OK"
2026-03-26 11:28:48,445 - httpx - INFO - HTTP Request: POST https://api.telegram.org/bot8730193297:AAGLlt4knQOzQA1UXQ4zTkr1wi8xUqshL-w/sendMessage "HTTP/1.1 200 OK"
2026-03-26 11:28:48,689 - httpx - INFO - HTTP Request: POST https://api.telegram.org/bot8730193297:AAGLlt4knQOzQA1UXQ4zTkr1wi8xUqshL-w/getFile "HTTP/1.1 200 OK"
2026-03-26 11:28:49,169 - httpx - INFO - HTTP Request: GET https://api.telegram.org/file/bot8730193297%3AAAGLlt4knQOzQA1UXQ4zTkr1wi8xUqshL-w/photos/file_0.jpg "HTTP/1.1 200 OK"
2026-03-26 11:28:57,812 - httpx - INFO - HTTP Request: POST https://api.telegram.org/bot8730193297:AAGLlt4knQOzQA1UXQ4zTkr1wi8xUqshL-w/getUpdates "HTTP/1.1 200 OK"
2026-03-26 11:29:08,080 - httpx - INFO - HTTP Request: POST https://api.telegram.org/bot8730193297:AAGLlt4knQOzQA1UXQ4zTkr1wi8xUqshL-w/getUpdates "HTTP/1.1 200 OK"
2026-03-26 11:29:18,337 - httpx - INFO - HTTP Request: POST https://api.telegram.org/bot8730193297:AAGLlt4knQOzQA1UXQ4zTkr1wi8xUqshL-w/getUpdates "HTTP/1.1 200 OK"
2026-03-26 11:29:20,814 - __main__ - ERROR - Failed to create summary
Traceback (most recent call last):
  File "/home/shirowayfy/Documents/Projects/Self/food-diary-bot/venv/lib/python3.12/site-packages/aiohttp/connector.py", line 1313, in _wrap_create_connection
    return await self._loop.create_connection(*args, **kwargs, sock=sock)
           ^^^^^^^^^^^^^^^^^^^^^^^^^^^^^^^^^^^^^^^^^^^^^^^^^^^^^^^^^^^^^^
  File "/usr/lib/python3.12/asyncio/base_events.py", line 1149, in create_connection
    transport, protocol = await self._create_connection_transport(
                          ^^^^^^^^^^^^^^^^^^^^^^^^^^^^^^^^^^^^^^^^
  File "/usr/lib/python3.12/asyncio/base_events.py", line 1182, in _create_connection_transport
    await waiter
asyncio.exceptions.CancelledError

The above exception was the direct cause of the following exception:

Traceback (most recent call last):
  File "/home/shirowayfy/Documents/Projects/Self/food-diary-bot/venv/lib/python3.12/site-packages/aiohttp/client.py", line 734, in _connect_and_send_request
    conn = await self._connector.connect(
           ^^^^^^^^^^^^^^^^^^^^^^^^^^^^^^
  File "/home/shirowayfy/Documents/Projects/Self/food-diary-bot/venv/lib/python3.12/site-packages/aiohttp/connector.py", line 672, in connect
    proto = await self._create_connection(req, traces, timeout)
            ^^^^^^^^^^^^^^^^^^^^^^^^^^^^^^^^^^^^^^^^^^^^^^^^^^^
  File "/home/shirowayfy/Documents/Projects/Self/food-diary-bot/venv/lib/python3.12/site-packages/aiohttp/connector.py", line 1239, in _create_connection
    _, proto = await self._create_direct_connection(req, traces, timeout)
               ^^^^^^^^^^^^^^^^^^^^^^^^^^^^^^^^^^^^^^^^^^^^^^^^^^^^^^^^^^
  File "/home/shirowayfy/Documents/Projects/Self/food-diary-bot/venv/lib/python3.12/site-packages/aiohttp/connector.py", line 1611, in _create_direct_connection
    raise last_exc
  File "/home/shirowayfy/Documents/Projects/Self/food-diary-bot/venv/lib/python3.12/site-packages/aiohttp/connector.py", line 1580, in _create_direct_connection
    transp, proto = await self._wrap_create_connection(
                    ^^^^^^^^^^^^^^^^^^^^^^^^^^^^^^^^^^^
  File "/home/shirowayfy/Documents/Projects/Self/food-diary-bot/venv/lib/python3.12/site-packages/aiohttp/connector.py", line 1295, in _wrap_create_connection
    async with ceil_timeout(
  File "/usr/lib/python3.12/asyncio/timeouts.py", line 115, in __aexit__
    raise TimeoutError from exc_val
TimeoutError

The above exception was the direct cause of the following exception:

Traceback (most recent call last):
  File "/home/shirowayfy/Documents/Projects/Self/food-diary-bot/bot.py", line 108, in summary_command
    image_url = await telegraph.upload_image(
                ^^^^^^^^^^^^^^^^^^^^^^^^^^^^^
  File "/home/shirowayfy/Documents/Projects/Self/food-diary-bot/telegraph_api.py", line 54, in upload_image
    async with session.post(TELEGRAPH_UPLOAD, data=form) as resp:
  File "/home/shirowayfy/Documents/Projects/Self/food-diary-bot/venv/lib/python3.12/site-packages/aiohttp/client.py", line 1510, in __aenter__
    self._resp: _RetType = await self._coro
                           ^^^^^^^^^^^^^^^^
  File "/home/shirowayfy/Documents/Projects/Self/food-diary-bot/venv/lib/python3.12/site-packages/aiohttp/client.py", line 779, in _request
    resp = await handler(req)
           ^^^^^^^^^^^^^^^^^^
  File "/home/shirowayfy/Documents/Projects/Self/food-diary-bot/venv/lib/python3.12/site-packages/aiohttp/client.py", line 738, in _connect_and_send_request
    raise ConnectionTimeoutError(
aiohttp.client_exceptions.ConnectionTimeoutError: Connection timeout to host https://telegra.ph/upload
2026-03-26 11:29:21,731 - httpx - INFO - HTTP Request: POST https://api.telegram.org/bot8730193297:AAGLlt4knQOzQA1UXQ4zTkr1wi8xUqshL-w/editMessageText "HTTP/1.1 200 OK"
2026-03-26 11:29:28,569 - httpx - INFO - HTTP Request: POST https://api.telegram.org/bot8730193297:AAGLlt4knQOzQA1UXQ4zTkr1wi8xUqshL-w/getUpdates "HTTP/1.1 200 OK"
2026-03-26 11:29:38,900 - httpx - INFO - HTTP Request: POST https://api.telegram.org/bot8730193297:AAGLlt4knQOzQA1UXQ4zTkr1wi8xUqshL-w/getUpdates "HTTP/1.1 200 OK"
2026-03-26 11:29:49,154 - httpx - INFO - HTTP Request: POST https://api.telegram.org/bot8730193297:AAGLlt4knQOzQA1UXQ4zTkr1wi8xUqshL-w/getUpdates "HTTP/1.1 200 OK"
2026-03-26 11:29:59,382 - httpx - INFO - HTTP Request: POST https://api.telegram.org/bot8730193297:AAGLlt4knQOzQA1UXQ4zTkr1wi8xUqshL-w/getUpdates "HTTP/1.1 200 OK"
2026-03-26 11:30:09,612 - httpx - INFO - HTTP Request: POST https://api.telegram.org/bot8730193297:AAGLlt4knQOzQA1UXQ4zTkr1wi8xUqshL-w/getUpdates "HTTP/1.1 200 OK"
2026-03-26 11:30:19,843 - httpx - INFO - HTTP Request: POST https://api.telegram.org/bot8730193297:AAGLlt4knQOzQA1UXQ4zTkr1wi8xUqshL-w/getUpdates "HTTP/1.1 200 OK"
2026-03-26 11:30:30,071 - httpx - INFO - HTTP Request: POST https://api.telegram.org/bot8730193297:AAGLlt4knQOzQA1UXQ4zTkr1wi8xUqshL-w/getUpdates "HTTP/1.1 200 OK"
2026-03-26 11:30:40,313 - httpx - INFO - HTTP Request: POST https://api.telegram.org/bot8730193297:AAGLlt4knQOzQA1UXQ4zTkr1wi8xUqshL-w/getUpdates "HTTP/1.1 200 OK"
2026-03-26 11:30:50,582 - httpx - INFO - HTTP Request: POST https://api.telegram.org/bot8730193297:AAGLlt4knQOzQA1UXQ4zTkr1wi8xUqshL-w/getUpdates "HTTP/1.1 200 OK"
2026-03-26 11:31:00,813 - httpx - INFO - HTTP Request: POST https://api.telegram.org/bot8730193297:AAGLlt4knQOzQA1UXQ4zTkr1wi8xUqshL-w/getUpdates "HTTP/1.1 200 OK"
2026-03-26 11:31:11,106 - httpx - INFO - HTTP Request: POST https://api.telegram.org/bot8730193297:AAGLlt4knQOzQA1UXQ4zTkr1wi8xUqshL-w/getUpdates "HTTP/1.1 200 OK"
2026-03-26 11:31:21,339 - httpx - INFO - HTTP Request: POST https://api.telegram.org/bot8730193297:AAGLlt4knQOzQA1UXQ4zTkr1wi8xUqshL-w/getUpdates "HTTP/1.1 200 OK"
2026-03-26 11:31:31,568 - httpx - INFO - HTTP Request: POST https://api.telegram.org/bot8730193297:AAGLlt4knQOzQA1UXQ4zTkr1wi8xUqshL-w/getUpdates "HTTP/1.1 200 OK"
2026-03-26 11:31:41,885 - httpx - INFO - HTTP Request: POST https://api.telegram.org/bot8730193297:AAGLlt4knQOzQA1UXQ4zTkr1wi8xUqshL-w/getUpdates "HTTP/1.1 200 OK"
2026-03-26 11:31:52,112 - httpx - INFO - HTTP Request: POST https://api.telegram.org/bot8730193297:AAGLlt4knQOzQA1UXQ4zTkr1wi8xUqshL-w/getUpdates "HTTP/1.1 200 OK"
2026-03-26 11:32:02,366 - httpx - INFO - HTTP Request: POST https://api.telegram.org/bot8730193297:AAGLlt4knQOzQA1UXQ4zTkr1wi8xUqshL-w/getUpdates "HTTP/1.1 200 OK"
2026-03-26 11:32:12,601 - httpx - INFO - HTTP Request: POST https://api.telegram.org/bot8730193297:AAGLlt4knQOzQA1UXQ4zTkr1wi8xUqshL-w/getUpdates "HTTP/1.1 200 OK"
2026-03-26 11:32:23,060 - httpx - INFO - HTTP Request: POST https://api.telegram.org/bot8730193297:AAGLlt4knQOzQA1UXQ4zTkr1wi8xUqshL-w/getUpdates "HTTP/1.1 200 OK"
2026-03-26 11:32:33,496 - httpx - INFO - HTTP Request: POST https://api.telegram.org/bot8730193297:AAGLlt4knQOzQA1UXQ4zTkr1wi8xUqshL-w/getUpdates "HTTP/1.1 200 OK"
2026-03-26 11:32:43,728 - httpx - INFO - HTTP Request: POST https://api.telegram.org/bot8730193297:AAGLlt4knQOzQA1UXQ4zTkr1wi8xUqshL-w/getUpdates "HTTP/1.1 200 OK"
2026-03-26 11:32:53,957 - httpx - INFO - HTTP Request: POST https://api.telegram.org/bot8730193297:AAGLlt4knQOzQA1UXQ4zTkr1wi8xUqshL-w/getUpdates "HTTP/1.1 200 OK"
2026-03-26 11:32:59,484 - httpx - INFO - HTTP Request: POST https://api.telegram.org/bot8730193297:AAGLlt4knQOzQA1UXQ4zTkr1wi8xUqshL-w/getUpdates "HTTP/1.1 200 OK"
2026-03-26 11:32:59,484 - telegram.ext.Application - INFO - Application is stopping. This might take a moment.
2026-03-26 11:32:59,484 - telegram.ext.Application - INFO - Application.stop() complete
2026-03-26 11:32:59,500 - __main__ - INFO - Bot shut down cleanly.
